Arguments: 
  C:\Program Files\nodejs\node.exe C:\Users\higg\AppData\Roaming\npm\node_modules\yarn\bin\yarn.js run build

PATH: 
  C:\Users\higg\bin;C:\Program Files\Git\mingw64\bin;C:\Program Files\Git\usr\local\bin;C:\Program Files\Git\usr\bin;C:\Program Files\Git\usr\bin;C:\Program Files\Git\mingw64\bin;C:\Program Files\Git\usr\bin;C:\Users\higg\bin;C:\Windows\system32;C:\Windows;C:\Windows\System32\Wbem;C:\Windows\System32\WindowsPowerShell\v1.0;C:\Windows\System32\OpenSSH;C:\Program Files (x86)\NVIDIA Corporation\PhysX\Common;C:\Program Files\NVIDIA Corporation\NVIDIA NvDLISR;C:\Program Files\Git\cmd;C:\Program Files\nodejs;C:\Users\higg\AppData\Local\Microsoft\WindowsApps;C:\Program Files\Bandizip;C:\flutter\bin;C:\Users\higg\AppData\Local\Programs\Microsoft VS Code\bin;C:\Users\higg\AppData\Roaming\npm;C:\Program Files\Git\usr\bin\vendor_perl;C:\Program Files\Git\usr\bin\core_perl

Yarn version: 
  1.22.10

Node version: 
  14.17.0

Platform: 
  win32 x64

Trace: 
  SyntaxError: C:\Users\higg\projects\rescript-example\hello-world\package.json: Unexpected string in JSON at position 170
      at JSON.parse (<anonymous>)
      at C:\Users\higg\AppData\Roaming\npm\node_modules\yarn\lib\cli.js:1625:59
      at Generator.next (<anonymous>)
      at step (C:\Users\higg\AppData\Roaming\npm\node_modules\yarn\lib\cli.js:310:30)
      at C:\Users\higg\AppData\Roaming\npm\node_modules\yarn\lib\cli.js:321:13

npm manifest: 
  {
    "name": "hello-world",
    "version": "1.0.0",
    "main": "index.js",
    "license": "MIT",
    "scripts": {
      "build": "rescript",
      "start": "rescript build -w"
    }
    "devDependencies": {
      "rescript": "^9.1.2"
    }
  }

yarn manifest: 
  No manifest

Lockfile: 
  # THIS IS AN AUTOGENERATED FILE. DO NOT EDIT THIS FILE DIRECTLY.
  # yarn lockfile v1
  
  
  rescript@^9.1.2:
    version "9.1.2"
    resolved "https://registry.yarnpkg.com/rescript/-/rescript-9.1.2.tgz#a81f8a735f1a7006233bfc72eb081ca7182a0d79"
    integrity sha512-4wHvTDv3nyYnAPJHcg1RGG8z7u3HDiBf6RN3P/dITDv859Qo35aKOzJWQtfBzbAs0EKNafLqei3TnUqiAv6BwQ==
